<?xml version="1.0" encoding="UTF-8"?>
<!-- Generated by org.testng.reporters.JUnitXMLReporter -->
<testsuite ignored="0" hostname="Om_Namah_Shivay" failures="0" tests="15" name="Test" time="36.168" errors="0" timestamp="2024-02-13T14:02:40 IST">
  <testcase classname="api.test.UserTests" name="testPostUser" time="4.226"/>
  <testcase classname="api.test.UserTests" name="testGetUserByName" time="1.937"/>
  <testcase classname="api.test.UserTests" name="testUpdateUserByName" time="3.467"/>
  <testcase classname="api.test.UserTests" name="testDeleteUserByName" time="1.637"/>
  <testcase classname="Day1.HTTPRequest" name="getUSer" time="1.76"/>
  <testcase classname="api.test.UserTests2" name="testPostUser" time="2.064"/>
  <testcase classname="api.test.UserTests2" name="testGetUserByName" time="1.94"/>
  <testcase classname="api.test.UserTests2" name="testUpdateUserByName" time="3.669"/>
  <testcase classname="api.test.UserTests2" name="testDeleteUserByName" time="1.629"/>
  <testcase classname="api.test.DDTests" name="testPostuser" time="1.737"/>
  <testcase classname="api.test.DDTests" name="testPostuser" time="1.922"/>
  <testcase classname="api.test.DDTests" name="testPostuser" time="1.944"/>
  <testcase classname="api.test.DDTests" name="testDeleteUserByName" time="1.529"/>
  <testcase classname="api.test.DDTests" name="testDeleteUserByName" time="1.522"/>
  <testcase classname="api.test.DDTests" name="testDeleteUserByName" time="1.619"/>
</testsuite> <!-- Test -->
