<?xml version="1.0" encoding="UTF-8"?>
<!-- Generated by org.testng.reporters.JUnitXMLReporter -->
<testsuite ignored="0" hostname="Om_Namah_Shivay" failures="4" tests="15" name="Test" time="28.194" errors="0" timestamp="2024-02-13T12:18:09 IST">
  <testcase classname="api.test.UserTests" name="testPostUser" time="4.185"/>
  <testcase classname="api.test.UserTests" name="testGetUserByName" time="2.446"/>
  <testcase classname="api.test.UserTests" name="testUpdateUserByName" time="3.371"/>
  <testcase classname="api.test.UserTests" name="testDeleteUserByName" time="1.728"/>
  <testcase classname="Day1.HTTPRequest" name="getUSer" time="1.485"/>
  <testcase classname="api.test.UserTests2" name="testPostUser" time="0.007">
    <failure type="java.util.MissingResourceException" message="Can&amp;apos;t find bundle for base name routes, locale en_IN">
      <![CDATA[java.util.MissingResourceException: Can't find bundle for base name routes, locale en_IN
at java.base/java.util.ResourceBundle.throwMissingResourceException(ResourceBundle.java:2045)
at java.base/java.util.ResourceBundle.getBundleImpl(ResourceBundle.java:1683)
at java.base/java.util.ResourceBundle.getBundleImpl(ResourceBundle.java:1586)
at java.base/java.util.ResourceBundle.getBundleImpl(ResourceBundle.java:1549)
at java.base/java.util.ResourceBundle.getBundle(ResourceBundle.java:858)
at api.endpoints.UserEndPoints2.getURL(UserEndPoints2.java:20)
at api.endpoints.UserEndPoints2.createUser(UserEndPoints2.java:28)
at api.test.UserTests2.testPostUser(UserTests2.java:48)
at java.base/java.util.ArrayList.forEach(ArrayList.java:1511)
... Removed 27 stack frames]]>
    </failure>
  </testcase> <!-- testPostUser -->
  <testcase classname="api.test.UserTests2" name="testGetUserByName" time="0.003">
    <failure type="java.util.MissingResourceException" message="Can&amp;apos;t find bundle for base name routes, locale en_IN">
      <![CDATA[java.util.MissingResourceException: Can't find bundle for base name routes, locale en_IN
at java.base/java.util.ResourceBundle.throwMissingResourceException(ResourceBundle.java:2045)
at java.base/java.util.ResourceBundle.getBundleImpl(ResourceBundle.java:1683)
at java.base/java.util.ResourceBundle.getBundleImpl(ResourceBundle.java:1586)
at java.base/java.util.ResourceBundle.getBundleImpl(ResourceBundle.java:1549)
at java.base/java.util.ResourceBundle.getBundle(ResourceBundle.java:858)
at api.endpoints.UserEndPoints2.getURL(UserEndPoints2.java:20)
at api.endpoints.UserEndPoints2.readUser(UserEndPoints2.java:44)
at api.test.UserTests2.testGetUserByName(UserTests2.java:62)
at java.base/java.util.ArrayList.forEach(ArrayList.java:1511)
... Removed 27 stack frames]]>
    </failure>
  </testcase> <!-- testGetUserByName -->
  <testcase classname="api.test.UserTests2" name="testUpdateUserByName" time="0.003">
    <failure type="java.util.MissingResourceException" message="Can&amp;apos;t find bundle for base name routes, locale en_IN">
      <![CDATA[java.util.MissingResourceException: Can't find bundle for base name routes, locale en_IN
at java.base/java.util.ResourceBundle.throwMissingResourceException(ResourceBundle.java:2045)
at java.base/java.util.ResourceBundle.getBundleImpl(ResourceBundle.java:1683)
at java.base/java.util.ResourceBundle.getBundleImpl(ResourceBundle.java:1586)
at java.base/java.util.ResourceBundle.getBundleImpl(ResourceBundle.java:1549)
at java.base/java.util.ResourceBundle.getBundle(ResourceBundle.java:858)
at api.endpoints.UserEndPoints2.getURL(UserEndPoints2.java:20)
at api.endpoints.UserEndPoints2.updateUser(UserEndPoints2.java:58)
at api.test.UserTests2.testUpdateUserByName(UserTests2.java:80)
at java.base/java.util.ArrayList.forEach(ArrayList.java:1511)
... Removed 27 stack frames]]>
    </failure>
  </testcase> <!-- testUpdateUserByName -->
  <testcase classname="api.test.UserTests2" name="testDeleteUserByName" time="0.002">
    <failure type="java.util.MissingResourceException" message="Can&amp;apos;t find bundle for base name routes, locale en_IN">
      <![CDATA[java.util.MissingResourceException: Can't find bundle for base name routes, locale en_IN
at java.base/java.util.ResourceBundle.throwMissingResourceException(ResourceBundle.java:2045)
at java.base/java.util.ResourceBundle.getBundleImpl(ResourceBundle.java:1683)
at java.base/java.util.ResourceBundle.getBundleImpl(ResourceBundle.java:1586)
at java.base/java.util.ResourceBundle.getBundleImpl(ResourceBundle.java:1549)
at java.base/java.util.ResourceBundle.getBundle(ResourceBundle.java:858)
at api.endpoints.UserEndPoints2.getURL(UserEndPoints2.java:20)
at api.endpoints.UserEndPoints2.deleteUser(UserEndPoints2.java:74)
at api.test.UserTests2.testDeleteUserByName(UserTests2.java:97)
at java.base/java.util.ArrayList.forEach(ArrayList.java:1511)
... Removed 27 stack frames]]>
    </failure>
  </testcase> <!-- testDeleteUserByName -->
  <testcase classname="api.test.DDTests" name="testPostuser" time="1.645"/>
  <testcase classname="api.test.DDTests" name="testPostuser" time="1.94"/>
  <testcase classname="api.test.DDTests" name="testPostuser" time="2.864"/>
  <testcase classname="api.test.DDTests" name="testDeleteUserByName" time="2.054"/>
  <testcase classname="api.test.DDTests" name="testDeleteUserByName" time="1.636"/>
  <testcase classname="api.test.DDTests" name="testDeleteUserByName" time="1.654"/>
</testsuite> <!-- Test -->
