<?xml version="1.0" encoding="UTF-8"?>
<!-- Generated by org.testng.reporters.JUnitXMLReporter -->
<testsuite ignored="0" hostname="Om_Namah_Shivay" failures="0" tests="15" name="Test" time="38.278" errors="0" timestamp="2024-02-13T14:06:06 IST">
  <testcase classname="api.test.UserTests" name="testPostUser" time="4.522"/>
  <testcase classname="api.test.UserTests" name="testGetUserByName" time="1.949"/>
  <testcase classname="api.test.UserTests" name="testUpdateUserByName" time="3.43"/>
  <testcase classname="api.test.UserTests" name="testDeleteUserByName" time="1.632"/>
  <testcase classname="Day1.HTTPRequest" name="getUSer" time="1.513"/>
  <testcase classname="api.test.UserTests2" name="testPostUser" time="2.3"/>
  <testcase classname="api.test.UserTests2" name="testGetUserByName" time="2.258"/>
  <testcase classname="api.test.UserTests2" name="testUpdateUserByName" time="3.884"/>
  <testcase classname="api.test.UserTests2" name="testDeleteUserByName" time="1.949"/>
  <testcase classname="api.test.DDTests" name="testPostuser" time="1.951"/>
  <testcase classname="api.test.DDTests" name="testPostuser" time="1.633"/>
  <testcase classname="api.test.DDTests" name="testPostuser" time="2.067"/>
  <testcase classname="api.test.DDTests" name="testDeleteUserByName" time="1.622"/>
  <testcase classname="api.test.DDTests" name="testDeleteUserByName" time="1.645"/>
  <testcase classname="api.test.DDTests" name="testDeleteUserByName" time="2.326"/>
</testsuite> <!-- Test -->
