<?xml version="1.0" encoding="UTF-8"?>
<!-- Generated by org.testng.reporters.JUnitXMLReporter -->
<testsuite ignored="0" hostname="Om_Namah_Shivay" failures="4" tests="15" name="Test" time="26.624" errors="0" timestamp="2024-02-13T12:22:51 IST">
  <testcase classname="api.test.UserTests" name="testPostUser" time="4.357"/>
  <testcase classname="api.test.UserTests" name="testGetUserByName" time="1.713"/>
  <testcase classname="api.test.UserTests" name="testUpdateUserByName" time="3.681"/>
  <testcase classname="api.test.UserTests" name="testDeleteUserByName" time="1.73"/>
  <testcase classname="Day1.HTTPRequest" name="getUSer" time="1.735"/>
  <testcase classname="api.test.UserTests2" name="testPostUser" time="0.006">
    <failure type="java.util.MissingResourceException" message="Can&amp;apos;t find bundle for base name routes, locale en_IN">
      <![CDATA[java.util.MissingResourceException: Can't find bundle for base name routes, locale en_IN
at java.base/java.util.ResourceBundle.throwMissingResourceException(ResourceBundle.java:2055)
at java.base/java.util.ResourceBundle.getBundleImpl(ResourceBundle.java:1689)
at java.base/java.util.ResourceBundle.getBundleImpl(ResourceBundle.java:1593)
at java.base/java.util.ResourceBundle.getBundleImpl(ResourceBundle.java:1556)
at java.base/java.util.ResourceBundle.getBundle(ResourceBundle.java:857)
at api.endpoints.UserEndPoints2.getURL(UserEndPoints2.java:20)
at api.endpoints.UserEndPoints2.createUser(UserEndPoints2.java:28)
at api.test.UserTests2.testPostUser(UserTests2.java:48)
at java.base/java.util.ArrayList.forEach(ArrayList.java:1541)
... Removed 31 stack frames]]>
    </failure>
  </testcase> <!-- testPostUser -->
  <testcase classname="api.test.UserTests2" name="testGetUserByName" time="0.001">
    <failure type="java.util.MissingResourceException" message="Can&amp;apos;t find bundle for base name routes, locale en_IN">
      <![CDATA[java.util.MissingResourceException: Can't find bundle for base name routes, locale en_IN
at java.base/java.util.ResourceBundle.throwMissingResourceException(ResourceBundle.java:2055)
at java.base/java.util.ResourceBundle.getBundleImpl(ResourceBundle.java:1689)
at java.base/java.util.ResourceBundle.getBundleImpl(ResourceBundle.java:1593)
at java.base/java.util.ResourceBundle.getBundleImpl(ResourceBundle.java:1556)
at java.base/java.util.ResourceBundle.getBundle(ResourceBundle.java:857)
at api.endpoints.UserEndPoints2.getURL(UserEndPoints2.java:20)
at api.endpoints.UserEndPoints2.readUser(UserEndPoints2.java:44)
at api.test.UserTests2.testGetUserByName(UserTests2.java:62)
at java.base/java.util.ArrayList.forEach(ArrayList.java:1541)
... Removed 31 stack frames]]>
    </failure>
  </testcase> <!-- testGetUserByName -->
  <testcase classname="api.test.UserTests2" name="testUpdateUserByName" time="0.001">
    <failure type="java.util.MissingResourceException" message="Can&amp;apos;t find bundle for base name routes, locale en_IN">
      <![CDATA[java.util.MissingResourceException: Can't find bundle for base name routes, locale en_IN
at java.base/java.util.ResourceBundle.throwMissingResourceException(ResourceBundle.java:2055)
at java.base/java.util.ResourceBundle.getBundleImpl(ResourceBundle.java:1689)
at java.base/java.util.ResourceBundle.getBundleImpl(ResourceBundle.java:1593)
at java.base/java.util.ResourceBundle.getBundleImpl(ResourceBundle.java:1556)
at java.base/java.util.ResourceBundle.getBundle(ResourceBundle.java:857)
at api.endpoints.UserEndPoints2.getURL(UserEndPoints2.java:20)
at api.endpoints.UserEndPoints2.updateUser(UserEndPoints2.java:58)
at api.test.UserTests2.testUpdateUserByName(UserTests2.java:80)
at java.base/java.util.ArrayList.forEach(ArrayList.java:1541)
... Removed 31 stack frames]]>
    </failure>
  </testcase> <!-- testUpdateUserByName -->
  <testcase classname="api.test.UserTests2" name="testDeleteUserByName" time="0.001">
    <failure type="java.util.MissingResourceException" message="Can&amp;apos;t find bundle for base name routes, locale en_IN">
      <![CDATA[java.util.MissingResourceException: Can't find bundle for base name routes, locale en_IN
at java.base/java.util.ResourceBundle.throwMissingResourceException(ResourceBundle.java:2055)
at java.base/java.util.ResourceBundle.getBundleImpl(ResourceBundle.java:1689)
at java.base/java.util.ResourceBundle.getBundleImpl(ResourceBundle.java:1593)
at java.base/java.util.ResourceBundle.getBundleImpl(ResourceBundle.java:1556)
at java.base/java.util.ResourceBundle.getBundle(ResourceBundle.java:857)
at api.endpoints.UserEndPoints2.getURL(UserEndPoints2.java:20)
at api.endpoints.UserEndPoints2.deleteUser(UserEndPoints2.java:74)
at api.test.UserTests2.testDeleteUserByName(UserTests2.java:97)
at java.base/java.util.ArrayList.forEach(ArrayList.java:1541)
... Removed 31 stack frames]]>
    </failure>
  </testcase> <!-- testDeleteUserByName -->
  <testcase classname="api.test.DDTests" name="testPostuser" time="1.809"/>
  <testcase classname="api.test.DDTests" name="testPostuser" time="1.64"/>
  <testcase classname="api.test.DDTests" name="testPostuser" time="1.83"/>
  <testcase classname="api.test.DDTests" name="testDeleteUserByName" time="1.851"/>
  <testcase classname="api.test.DDTests" name="testDeleteUserByName" time="1.523"/>
  <testcase classname="api.test.DDTests" name="testDeleteUserByName" time="1.545"/>
</testsuite> <!-- Test -->
