<?xml version="1.0" encoding="UTF-8"?>
<testng-results ignored="0" total="1" passed="1" failed="0" skipped="0">
  <reporter-output>
  </reporter-output>
  <suite started-at="2024-02-04T16:52:03 IST" name="Default suite" finished-at="2024-02-04T16:52:07 IST" duration-ms="3547">
    <groups>
    </groups>
    <test started-at="2024-02-04T16:52:03 IST" name="Default test" finished-at="2024-02-04T16:52:07 IST" duration-ms="3547">
      <class name="Day1.HTTPRequest">
        <test-method signature="getUSer()[pri:0, instance:Day1.HTTPRequest@49049a04]" started-at="2024-02-04T16:52:04 IST" name="getUSer" finished-at="2024-02-04T16:52:07 IST" duration-ms="3464" status="PASS">
          <reporter-output>
          </reporter-output>
        </test-method> <!-- getUSer -->
      </class> <!-- Day1.HTTPRequest -->
    </test> <!-- Default test -->
  </suite> <!-- Default suite -->
</testng-results>
